WARNING: fp-lib-table file was not found. Component footprints are not available.
WARNING: fp-lib-table file was not found. Component footprints are not available.
WARNING: fp-lib-table file was not found. Component footprints are not available.
WARNING: fp-lib-table file was not found. Component footprints are not available.
WARNING: Missing tag on 10u instantiated at /Users/avajones/Documents/ava_skidl/20240421_schematic/Hades_Hades/HadesNT_skidl.py:159.
WARNING: Random tag T4q3ZtRoBu generated for 10u.
WARNING: Missing tag on 10u instantiated at /Users/avajones/Documents/ava_skidl/20240421_schematic/Hades_Hades/HadesNT_skidl.py:166.
WARNING: Random tag AQjdTArgu8 generated for 10u.
WARNING: Missing tag on 100n instantiated at /Users/avajones/Documents/ava_skidl/20240421_schematic/Hades_Hades/HadesNT_skidl.py:173.
WARNING: Random tag 26qSjFdwin generated for 100n.
WARNING: Missing tag on 33p instantiated at /Users/avajones/Documents/ava_skidl/20240421_schematic/Hades_Hades/HadesNT_skidl.py:180.
WARNING: Random tag x8gHjEc6E7 generated for 33p.
WARNING: Missing tag on 100n instantiated at /Users/avajones/Documents/ava_skidl/20240421_schematic/Hades_Hades/HadesNT_skidl.py:187.
WARNING: Random tag SAGncMgxRw generated for 100n.
WARNING: Missing tag on 4u7 instantiated at /Users/avajones/Documents/ava_skidl/20240421_schematic/Hades_Hades/HadesNT_skidl.py:194.
WARNING: Random tag SvpgIRw_iP generated for 4u7.
WARNING: Missing tag on 10u instantiated at /Users/avajones/Documents/ava_skidl/20240421_schematic/Hades_Hades/HadesNT_skidl.py:201.
WARNING: Random tag AcdMUPMjBE generated for 10u.
WARNING: Missing tag on 1u instantiated at /Users/avajones/Documents/ava_skidl/20240421_schematic/Hades_Hades/HadesNT_skidl.py:208.
WARNING: Random tag tUbgBuV50r generated for 1u.
WARNING: Missing tag on 100n instantiated at /Users/avajones/Documents/ava_skidl/20240421_schematic/Hades_Hades/HadesNT_skidl.py:215.
WARNING: Random tag iWuWkSS_0E generated for 100n.
WARNING: Missing tag on 100n instantiated at /Users/avajones/Documents/ava_skidl/20240421_schematic/Hades_Hades/HadesNT_skidl.py:222.
WARNING: Random tag 14ys4ZFhYF generated for 100n.
WARNING: Missing tag on 100n instantiated at /Users/avajones/Documents/ava_skidl/20240421_schematic/Hades_Hades/HadesNT_skidl.py:229.
WARNING: Random tag wPLsnoqibR generated for 100n.
WARNING: Missing tag on 100n instantiated at /Users/avajones/Documents/ava_skidl/20240421_schematic/Hades_Hades/HadesNT_skidl.py:236.
WARNING: Random tag tLz3JyKtoN generated for 100n.
WARNING: Missing tag on 100n instantiated at /Users/avajones/Documents/ava_skidl/20240421_schematic/Hades_Hades/HadesNT_skidl.py:243.
WARNING: Random tag yfKcrqNLs5 generated for 100n.
WARNING: Missing tag on 10u instantiated at /Users/avajones/Documents/ava_skidl/20240421_schematic/Hades_Hades/HadesNT_skidl.py:250.
WARNING: Random tag 9CG70lRdD0 generated for 10u.
WARNING: Missing tag on 100n instantiated at /Users/avajones/Documents/ava_skidl/20240421_schematic/Hades_Hades/HadesNT_skidl.py:257.
WARNING: Random tag SBniXJELRa generated for 100n.
WARNING: Missing tag on 100n instantiated at /Users/avajones/Documents/ava_skidl/20240421_schematic/Hades_Hades/HadesNT_skidl.py:264.
WARNING: Random tag UdXw9CzwYe generated for 100n.
WARNING: Missing tag on 100n instantiated at /Users/avajones/Documents/ava_skidl/20240421_schematic/Hades_Hades/HadesNT_skidl.py:271.
WARNING: Random tag 7jq4h4TYMq generated for 100n.
WARNING: Missing tag on 100n instantiated at /Users/avajones/Documents/ava_skidl/20240421_schematic/Hades_Hades/HadesNT_skidl.py:278.
WARNING: Random tag JJF7lbdYh6 generated for 100n.
WARNING: Missing tag on 100n instantiated at /Users/avajones/Documents/ava_skidl/20240421_schematic/Hades_Hades/HadesNT_skidl.py:285.
WARNING: Random tag OzQRHhmVwc generated for 100n.
WARNING: Missing tag on 100n instantiated at /Users/avajones/Documents/ava_skidl/20240421_schematic/Hades_Hades/HadesNT_skidl.py:292.
WARNING: Random tag lyAis1wsZ7 generated for 100n.
WARNING: Missing tag on 100n instantiated at /Users/avajones/Documents/ava_skidl/20240421_schematic/Hades_Hades/HadesNT_skidl.py:299.
WARNING: Random tag wpXpl5gYpI generated for 100n.
WARNING: Missing tag on 100n instantiated at /Users/avajones/Documents/ava_skidl/20240421_schematic/Hades_Hades/HadesNT_skidl.py:306.
WARNING: Random tag VzuIb5LX_m generated for 100n.
WARNING: Missing tag on 100n instantiated at /Users/avajones/Documents/ava_skidl/20240421_schematic/Hades_Hades/HadesNT_skidl.py:313.
WARNING: Random tag Er9b_cMAUE generated for 100n.
WARNING: Missing tag on 100n instantiated at /Users/avajones/Documents/ava_skidl/20240421_schematic/Hades_Hades/HadesNT_skidl.py:320.
WARNING: Random tag zRIADMTwc4 generated for 100n.
WARNING: Missing tag on 100n instantiated at /Users/avajones/Documents/ava_skidl/20240421_schematic/Hades_Hades/HadesNT_skidl.py:327.
WARNING: Random tag LfiesQfVJ9 generated for 100n.
WARNING: Missing tag on 1u instantiated at /Users/avajones/Documents/ava_skidl/20240421_schematic/Hades_Hades/HadesNT_skidl.py:334.
WARNING: Random tag h4Log9aWxm generated for 1u.
WARNING: Missing tag on 100n instantiated at /Users/avajones/Documents/ava_skidl/20240421_schematic/Hades_Hades/HadesNT_skidl.py:341.
WARNING: Random tag HZ8SmMpOeH generated for 100n.
WARNING: Missing tag on 12p instantiated at /Users/avajones/Documents/ava_skidl/20240421_schematic/Hades_Hades/HadesNT_skidl.py:348.
WARNING: Random tag mZB5wj03jA generated for 12p.
WARNING: Missing tag on 12p instantiated at /Users/avajones/Documents/ava_skidl/20240421_schematic/Hades_Hades/HadesNT_skidl.py:355.
WARNING: Random tag R5rP1mZ1Or generated for 12p.
WARNING: Missing tag on 2u2 instantiated at /Users/avajones/Documents/ava_skidl/20240421_schematic/Hades_Hades/HadesNT_skidl.py:362.
WARNING: Random tag d8pt5AfNkD generated for 2u2.
WARNING: Missing tag on 2u2 instantiated at /Users/avajones/Documents/ava_skidl/20240421_schematic/Hades_Hades/HadesNT_skidl.py:369.
WARNING: Random tag eNkfdRlbhc generated for 2u2.
WARNING: Missing tag on 100n instantiated at /Users/avajones/Documents/ava_skidl/20240421_schematic/Hades_Hades/HadesNT_skidl.py:376.
WARNING: Random tag 14I0Js_WcU generated for 100n.
WARNING: Missing tag on B5819W instantiated at /Users/avajones/Documents/ava_skidl/20240421_schematic/Hades_Hades/HadesNT_skidl.py:383.
WARNING: Random tag zgrxet5YkT generated for B5819W.
WARNING: Missing tag on GR instantiated at /Users/avajones/Documents/ava_skidl/20240421_schematic/Hades_Hades/HadesNT_skidl.py:390.
WARNING: Random tag GB9GEiVvTT generated for GR.
WARNING: Missing tag on B5819W instantiated at /Users/avajones/Documents/ava_skidl/20240421_schematic/Hades_Hades/HadesNT_skidl.py:397.
WARNING: Random tag Uv0qQmcpPX generated for B5819W.
WARNING: Missing tag on RE instantiated at /Users/avajones/Documents/ava_skidl/20240421_schematic/Hades_Hades/HadesNT_skidl.py:404.
WARNING: Random tag vGAersfqZO generated for RE.
WARNING: Missing tag on YE instantiated at /Users/avajones/Documents/ava_skidl/20240421_schematic/Hades_Hades/HadesNT_skidl.py:411.
WARNING: Random tag Xi0kv5PH8V generated for YE.
WARNING: Missing tag on GR instantiated at /Users/avajones/Documents/ava_skidl/20240421_schematic/Hades_Hades/HadesNT_skidl.py:418.
WARNING: Random tag 5hi4fGytjK generated for GR.
WARNING: Missing tag on BL instantiated at /Users/avajones/Documents/ava_skidl/20240421_schematic/Hades_Hades/HadesNT_skidl.py:425.
WARNING: Random tag pWiysZ4g9B generated for BL.
WARNING: Missing tag on RE instantiated at /Users/avajones/Documents/ava_skidl/20240421_schematic/Hades_Hades/HadesNT_skidl.py:432.
WARNING: Random tag 4J6fr_RMJX generated for RE.
WARNING: Missing tag on 500mA instantiated at /Users/avajones/Documents/ava_skidl/20240421_schematic/Hades_Hades/HadesNT_skidl.py:439.
WARNING: Random tag ieion5IQCS generated for 500mA.
WARNING: Missing tag on 100 @ 100 MHz instantiated at /Users/avajones/Documents/ava_skidl/20240421_schematic/Hades_Hades/HadesNT_skidl.py:446.
WARNING: Random tag vs0lT4t1Uy generated for 100 @ 100 MHz.
WARNING: Missing tag on MountingHole_Pad instantiated at /Users/avajones/Documents/ava_skidl/20240421_schematic/Hades_Hades/HadesNT_skidl.py:453.
WARNING: Random tag g5_a0kjwUB generated for MountingHole_Pad.
WARNING: Missing tag on MountingHole_Pad instantiated at /Users/avajones/Documents/ava_skidl/20240421_schematic/Hades_Hades/HadesNT_skidl.py:460.
WARNING: Random tag rZVnecWqwq generated for MountingHole_Pad.
WARNING: Missing tag on MountingHole_Pad instantiated at /Users/avajones/Documents/ava_skidl/20240421_schematic/Hades_Hades/HadesNT_skidl.py:467.
WARNING: Random tag XCxKnWw6kX generated for MountingHole_Pad.
WARNING: Missing tag on MountingHole_Pad instantiated at /Users/avajones/Documents/ava_skidl/20240421_schematic/Hades_Hades/HadesNT_skidl.py:474.
WARNING: Random tag PvUhDslj0M generated for MountingHole_Pad.
WARNING: Missing tag on USB_B_Micro instantiated at /Users/avajones/Documents/ava_skidl/20240421_schematic/Hades_Hades/HadesNT_skidl.py:481.
WARNING: Random tag AU_fDiJbB3 generated for USB_B_Micro.
WARNING: Missing tag on Conn_01x02 instantiated at /Users/avajones/Documents/ava_skidl/20240421_schematic/Hades_Hades/HadesNT_skidl.py:488.
WARNING: Random tag X4UAJrVe_M generated for Conn_01x02.
WARNING: Missing tag on Conn_02x05_Odd_Even instantiated at /Users/avajones/Documents/ava_skidl/20240421_schematic/Hades_Hades/HadesNT_skidl.py:495.
WARNING: Random tag 5Bdqq1eHj0 generated for Conn_02x05_Odd_Even.
WARNING: Missing tag on Conn_01x04 instantiated at /Users/avajones/Documents/ava_skidl/20240421_schematic/Hades_Hades/HadesNT_skidl.py:502.
WARNING: Random tag a9_ntxSIk_ generated for Conn_01x04.
WARNING: Missing tag on Conn_01x04 instantiated at /Users/avajones/Documents/ava_skidl/20240421_schematic/Hades_Hades/HadesNT_skidl.py:509.
WARNING: Random tag 90Kz7GAbIq generated for Conn_01x04.
WARNING: Missing tag on Conn_01x06 instantiated at /Users/avajones/Documents/ava_skidl/20240421_schematic/Hades_Hades/HadesNT_skidl.py:516.
WARNING: Random tag MuSEJsMkbG generated for Conn_01x06.
WARNING: Missing tag on Conn_01x04 instantiated at /Users/avajones/Documents/ava_skidl/20240421_schematic/Hades_Hades/HadesNT_skidl.py:523.
WARNING: Random tag fDTRBWSpYX generated for Conn_01x04.
WARNING: Missing tag on Conn_01x06 instantiated at /Users/avajones/Documents/ava_skidl/20240421_schematic/Hades_Hades/HadesNT_skidl.py:530.
WARNING: Random tag _keYyrkn9_ generated for Conn_01x06.
WARNING: Missing tag on Conn_01x08 instantiated at /Users/avajones/Documents/ava_skidl/20240421_schematic/Hades_Hades/HadesNT_skidl.py:537.
WARNING: Random tag uZCyDrQ6qm generated for Conn_01x08.
WARNING: Missing tag on Conn_02x08_Odd_Even instantiated at /Users/avajones/Documents/ava_skidl/20240421_schematic/Hades_Hades/HadesNT_skidl.py:544.
WARNING: Random tag mWuzR8rzru generated for Conn_02x08_Odd_Even.
WARNING: Missing tag on Conn_01x08 instantiated at /Users/avajones/Documents/ava_skidl/20240421_schematic/Hades_Hades/HadesNT_skidl.py:551.
WARNING: Random tag rABBD1DKdh generated for Conn_01x08.
WARNING: Missing tag on 10u instantiated at /Users/avajones/Documents/ava_skidl/20240421_schematic/Hades_Hades/HadesNT_skidl.py:558.
WARNING: Random tag rKtVaAiVYC generated for 10u.
WARNING: Missing tag on 68n instantiated at /Users/avajones/Documents/ava_skidl/20240421_schematic/Hades_Hades/HadesNT_skidl.py:565.
WARNING: Random tag 6HNhaXKHg0 generated for 68n.
WARNING: Missing tag on AO3401A instantiated at /Users/avajones/Documents/ava_skidl/20240421_schematic/Hades_Hades/HadesNT_skidl.py:572.
WARNING: Random tag lZQeMmYsUw generated for AO3401A.
WARNING: Missing tag on MMBT3904 instantiated at /Users/avajones/Documents/ava_skidl/20240421_schematic/Hades_Hades/HadesNT_skidl.py:579.
WARNING: Random tag hl4GIlXL2S generated for MMBT3904.
WARNING: Missing tag on MMBT3904 instantiated at /Users/avajones/Documents/ava_skidl/20240421_schematic/Hades_Hades/HadesNT_skidl.py:586.
WARNING: Random tag o2WLrdbDNa generated for MMBT3904.
WARNING: Missing tag on MMBT3904 instantiated at /Users/avajones/Documents/ava_skidl/20240421_schematic/Hades_Hades/HadesNT_skidl.py:593.
WARNING: Random tag G1cAlGTocY generated for MMBT3904.
WARNING: Missing tag on MMBT3904 instantiated at /Users/avajones/Documents/ava_skidl/20240421_schematic/Hades_Hades/HadesNT_skidl.py:600.
WARNING: Random tag wwxLX5ihI6 generated for MMBT3904.
WARNING: Missing tag on MMBT3904 instantiated at /Users/avajones/Documents/ava_skidl/20240421_schematic/Hades_Hades/HadesNT_skidl.py:607.
WARNING: Random tag SJD0Lbzbt9 generated for MMBT3904.
WARNING: Missing tag on MMBT3904 instantiated at /Users/avajones/Documents/ava_skidl/20240421_schematic/Hades_Hades/HadesNT_skidl.py:614.
WARNING: Random tag lOxNH5DjWh generated for MMBT3904.
WARNING: Missing tag on 0.25 instantiated at /Users/avajones/Documents/ava_skidl/20240421_schematic/Hades_Hades/HadesNT_skidl.py:621.
WARNING: Random tag 5UZBGw0TZn generated for 0.25.
WARNING: Missing tag on 120k instantiated at /Users/avajones/Documents/ava_skidl/20240421_schematic/Hades_Hades/HadesNT_skidl.py:628.
WARNING: Random tag Mq4HMzakzg generated for 120k.
WARNING: Missing tag on 39k instantiated at /Users/avajones/Documents/ava_skidl/20240421_schematic/Hades_Hades/HadesNT_skidl.py:635.
WARNING: Random tag JG6CyN1eP9 generated for 39k.
WARNING: Missing tag on 100k instantiated at /Users/avajones/Documents/ava_skidl/20240421_schematic/Hades_Hades/HadesNT_skidl.py:642.
WARNING: Random tag IE5uWjj_JJ generated for 100k.
WARNING: Missing tag on DNP instantiated at /Users/avajones/Documents/ava_skidl/20240421_schematic/Hades_Hades/HadesNT_skidl.py:649.
WARNING: Random tag 3PwM9A2wfG generated for DNP.
WARNING: Missing tag on 1k instantiated at /Users/avajones/Documents/ava_skidl/20240421_schematic/Hades_Hades/HadesNT_skidl.py:656.
WARNING: Random tag ezcRDVQ6fB generated for 1k.
WARNING: Missing tag on 47 instantiated at /Users/avajones/Documents/ava_skidl/20240421_schematic/Hades_Hades/HadesNT_skidl.py:663.
WARNING: Random tag vTHGCLkOiB generated for 47.
WARNING: Missing tag on 1k instantiated at /Users/avajones/Documents/ava_skidl/20240421_schematic/Hades_Hades/HadesNT_skidl.py:670.
WARNING: Random tag jJXU5Mvs3Y generated for 1k.
WARNING: Missing tag on 10k instantiated at /Users/avajones/Documents/ava_skidl/20240421_schematic/Hades_Hades/HadesNT_skidl.py:677.
WARNING: Random tag vCknlKZsdk generated for 10k.
WARNING: Missing tag on 1k instantiated at /Users/avajones/Documents/ava_skidl/20240421_schematic/Hades_Hades/HadesNT_skidl.py:684.
WARNING: Random tag IgiQIS3Kqj generated for 1k.
WARNING: Missing tag on 10k instantiated at /Users/avajones/Documents/ava_skidl/20240421_schematic/Hades_Hades/HadesNT_skidl.py:691.
WARNING: Random tag pcrCN5qzwk generated for 10k.
WARNING: Missing tag on 1k instantiated at /Users/avajones/Documents/ava_skidl/20240421_schematic/Hades_Hades/HadesNT_skidl.py:698.
WARNING: Random tag FRb7J6Gx93 generated for 1k.
WARNING: Missing tag on 10k instantiated at /Users/avajones/Documents/ava_skidl/20240421_schematic/Hades_Hades/HadesNT_skidl.py:705.
WARNING: Random tag 3IxVOCgWZ3 generated for 10k.
WARNING: Missing tag on 1k instantiated at /Users/avajones/Documents/ava_skidl/20240421_schematic/Hades_Hades/HadesNT_skidl.py:712.
WARNING: Random tag KUxksVgT_O generated for 1k.
WARNING: Missing tag on 10k instantiated at /Users/avajones/Documents/ava_skidl/20240421_schematic/Hades_Hades/HadesNT_skidl.py:719.
WARNING: Random tag WjTYyv6lrF generated for 10k.
WARNING: Missing tag on 10k instantiated at /Users/avajones/Documents/ava_skidl/20240421_schematic/Hades_Hades/HadesNT_skidl.py:726.
WARNING: Random tag Iw_dhTi_6D generated for 10k.
WARNING: Missing tag on 4k7 instantiated at /Users/avajones/Documents/ava_skidl/20240421_schematic/Hades_Hades/HadesNT_skidl.py:733.
WARNING: Random tag Kot2Qd6lM2 generated for 4k7.
WARNING: Missing tag on 10k instantiated at /Users/avajones/Documents/ava_skidl/20240421_schematic/Hades_Hades/HadesNT_skidl.py:740.
WARNING: Random tag _oJ0jk7gd_ generated for 10k.
WARNING: Missing tag on 4k7 instantiated at /Users/avajones/Documents/ava_skidl/20240421_schematic/Hades_Hades/HadesNT_skidl.py:747.
WARNING: Random tag 5_WMkrGDUq generated for 4k7.
WARNING: Missing tag on 2k2 instantiated at /Users/avajones/Documents/ava_skidl/20240421_schematic/Hades_Hades/HadesNT_skidl.py:754.
WARNING: Random tag AMBBmOeI6w generated for 2k2.
WARNING: Missing tag on 2k2 instantiated at /Users/avajones/Documents/ava_skidl/20240421_schematic/Hades_Hades/HadesNT_skidl.py:761.
WARNING: Random tag xpsduWbIXd generated for 2k2.
WARNING: Missing tag on 2k2 instantiated at /Users/avajones/Documents/ava_skidl/20240421_schematic/Hades_Hades/HadesNT_skidl.py:768.
WARNING: Random tag wQJd1K9BgX generated for 2k2.
WARNING: Missing tag on 2k2 instantiated at /Users/avajones/Documents/ava_skidl/20240421_schematic/Hades_Hades/HadesNT_skidl.py:775.
WARNING: Random tag zB1KiAJais generated for 2k2.
WARNING: Missing tag on 10k instantiated at /Users/avajones/Documents/ava_skidl/20240421_schematic/Hades_Hades/HadesNT_skidl.py:782.
WARNING: Random tag bS_VFbuVHA generated for 10k.
WARNING: Missing tag on 2k2 instantiated at /Users/avajones/Documents/ava_skidl/20240421_schematic/Hades_Hades/HadesNT_skidl.py:789.
WARNING: Random tag lAd7TUGhNR generated for 2k2.
WARNING: Missing tag on MSS3-V-T_R instantiated at /Users/avajones/Documents/ava_skidl/20240421_schematic/Hades_Hades/HadesNT_skidl.py:796.
WARNING: Random tag uiNcYzIGzr generated for MSS3-V-T_R.
WARNING: Missing tag on SolderPad instantiated at /Users/avajones/Documents/ava_skidl/20240421_schematic/Hades_Hades/HadesNT_skidl.py:803.
WARNING: Random tag BjDy1gCLv9 generated for SolderPad.
WARNING: Missing tag on SolderPad instantiated at /Users/avajones/Documents/ava_skidl/20240421_schematic/Hades_Hades/HadesNT_skidl.py:810.
WARNING: Random tag AyCLomchFw generated for SolderPad.
WARNING: Missing tag on INA219AIDCNR instantiated at /Users/avajones/Documents/ava_skidl/20240421_schematic/Hades_Hades/HadesNT_skidl.py:817.
WARNING: Random tag bmWMhSGRuD generated for INA219AIDCNR.
WARNING: Missing tag on MP2451DT-LF-Z instantiated at /Users/avajones/Documents/ava_skidl/20240421_schematic/Hades_Hades/HadesNT_skidl.py:824.
WARNING: Random tag v1J0sQU7mb generated for MP2451DT-LF-Z.
WARNING: Missing tag on SRV05-4 instantiated at /Users/avajones/Documents/ava_skidl/20240421_schematic/Hades_Hades/HadesNT_skidl.py:831.
WARNING: Random tag Sd2DNDC0NZ generated for SRV05-4.
WARNING: Missing tag on W25Q128JVS instantiated at /Users/avajones/Documents/ava_skidl/20240421_schematic/Hades_Hades/HadesNT_skidl.py:838.
WARNING: Random tag SOTsIHk47F generated for W25Q128JVS.
WARNING: Missing tag on BMP280 instantiated at /Users/avajones/Documents/ava_skidl/20240421_schematic/Hades_Hades/HadesNT_skidl.py:845.
WARNING: Random tag vmVUSwCcXC generated for BMP280.
WARNING: Missing tag on BMX055 instantiated at /Users/avajones/Documents/ava_skidl/20240421_schematic/Hades_Hades/HadesNT_skidl.py:852.
WARNING: Random tag dhDy8SEvH2 generated for BMX055.
WARNING: Missing tag on STM32H750VBT6 instantiated at /Users/avajones/Documents/ava_skidl/20240421_schematic/Hades_Hades/HadesNT_skidl.py:859.
WARNING: Random tag C8MZvyiFol generated for STM32H750VBT6.
WARNING: Missing tag on 16 MHz instantiated at /Users/avajones/Documents/ava_skidl/20240421_schematic/Hades_Hades/HadesNT_skidl.py:866.
WARNING: Random tag mQvdMmixGY generated for 16 MHz.
WARNING: Missing tag on  instantiated at /Users/avajones/Documents/ava_skidl/20240421_schematic/Hades_Hades/<frozen importlib._bootstrap>:491.
INFO: 209 warnings found while generating netlist.
INFO: 0 errors found while generating netlist.

