WARNING: fp-lib-table file was not found. Component footprints are not available.
WARNING: fp-lib-table file was not found. Component footprints are not available.
WARNING: fp-lib-table file was not found. Component footprints are not available.
WARNING: fp-lib-table file was not found. Component footprints are not available.
WARNING: Missing tag on BMP388 instantiated at /Users/avajones/Documents/ava_skidl/20240421_schematic/Hades_Hades/HadesMicro_skidl.py:176.
WARNING: Random tag TvUXDbxSYZ generated for BMP388.
WARNING: Missing tag on TDD01H0SB1R instantiated at /Users/avajones/Documents/ava_skidl/20240421_schematic/Hades_Hades/HadesMicro_skidl.py:183.
WARNING: Random tag LyaGKdo3dn generated for TDD01H0SB1R.
WARNING: Missing tag on TDD01H0SB1R instantiated at /Users/avajones/Documents/ava_skidl/20240421_schematic/Hades_Hades/HadesMicro_skidl.py:190.
WARNING: Random tag 1Bvcf9s4oC generated for TDD01H0SB1R.
WARNING: Missing tag on 10u instantiated at /Users/avajones/Documents/ava_skidl/20240421_schematic/Hades_Hades/HadesMicro_skidl.py:197.
WARNING: Random tag jX9PVazRgP generated for 10u.
WARNING: Missing tag on 10u instantiated at /Users/avajones/Documents/ava_skidl/20240421_schematic/Hades_Hades/HadesMicro_skidl.py:204.
WARNING: Random tag 6jNzn9YBR4 generated for 10u.
WARNING: Missing tag on 10u instantiated at /Users/avajones/Documents/ava_skidl/20240421_schematic/Hades_Hades/HadesMicro_skidl.py:211.
WARNING: Random tag QpWI2x44cO generated for 10u.
WARNING: Missing tag on 100n instantiated at /Users/avajones/Documents/ava_skidl/20240421_schematic/Hades_Hades/HadesMicro_skidl.py:218.
WARNING: Random tag T4KVlEneAK generated for 100n.
WARNING: Missing tag on 100n instantiated at /Users/avajones/Documents/ava_skidl/20240421_schematic/Hades_Hades/HadesMicro_skidl.py:225.
WARNING: Random tag OSExro9fUx generated for 100n.
WARNING: Missing tag on 100n instantiated at /Users/avajones/Documents/ava_skidl/20240421_schematic/Hades_Hades/HadesMicro_skidl.py:232.
WARNING: Random tag GibcfQ8RQG generated for 100n.
WARNING: Missing tag on 100n instantiated at /Users/avajones/Documents/ava_skidl/20240421_schematic/Hades_Hades/HadesMicro_skidl.py:239.
WARNING: Random tag nTjnAbA86U generated for 100n.
WARNING: Missing tag on 100n instantiated at /Users/avajones/Documents/ava_skidl/20240421_schematic/Hades_Hades/HadesMicro_skidl.py:246.
WARNING: Random tag taauOgrpu5 generated for 100n.
WARNING: Missing tag on 100n instantiated at /Users/avajones/Documents/ava_skidl/20240421_schematic/Hades_Hades/HadesMicro_skidl.py:253.
WARNING: Random tag U5Kjch84Yd generated for 100n.
WARNING: Missing tag on 100n instantiated at /Users/avajones/Documents/ava_skidl/20240421_schematic/Hades_Hades/HadesMicro_skidl.py:260.
WARNING: Random tag sDXzty8p3g generated for 100n.
WARNING: Missing tag on 100n instantiated at /Users/avajones/Documents/ava_skidl/20240421_schematic/Hades_Hades/HadesMicro_skidl.py:267.
WARNING: Random tag 8t6ub7aHDf generated for 100n.
WARNING: Missing tag on 100n instantiated at /Users/avajones/Documents/ava_skidl/20240421_schematic/Hades_Hades/HadesMicro_skidl.py:274.
WARNING: Random tag cHb_EkhC4B generated for 100n.
WARNING: Missing tag on 2u2 instantiated at /Users/avajones/Documents/ava_skidl/20240421_schematic/Hades_Hades/HadesMicro_skidl.py:281.
WARNING: Random tag z3tmH5YNhV generated for 2u2.
WARNING: Missing tag on 2u2 instantiated at /Users/avajones/Documents/ava_skidl/20240421_schematic/Hades_Hades/HadesMicro_skidl.py:288.
WARNING: Random tag bikllKFnqz generated for 2u2.
WARNING: Missing tag on 1u instantiated at /Users/avajones/Documents/ava_skidl/20240421_schematic/Hades_Hades/HadesMicro_skidl.py:295.
WARNING: Random tag ooppy5dYj2 generated for 1u.
WARNING: Missing tag on 100n instantiated at /Users/avajones/Documents/ava_skidl/20240421_schematic/Hades_Hades/HadesMicro_skidl.py:302.
WARNING: Random tag ezYMW25ZhI generated for 100n.
WARNING: Missing tag on 10p instantiated at /Users/avajones/Documents/ava_skidl/20240421_schematic/Hades_Hades/HadesMicro_skidl.py:309.
WARNING: Random tag gemdhz6gr5 generated for 10p.
WARNING: Missing tag on 10p instantiated at /Users/avajones/Documents/ava_skidl/20240421_schematic/Hades_Hades/HadesMicro_skidl.py:316.
WARNING: Random tag wvei79nWG4 generated for 10p.
WARNING: Missing tag on 100n instantiated at /Users/avajones/Documents/ava_skidl/20240421_schematic/Hades_Hades/HadesMicro_skidl.py:323.
WARNING: Random tag EoHcWC75lN generated for 100n.
WARNING: Missing tag on 100n instantiated at /Users/avajones/Documents/ava_skidl/20240421_schematic/Hades_Hades/HadesMicro_skidl.py:330.
WARNING: Random tag 4H8hCuSy7C generated for 100n.
WARNING: Missing tag on 100n instantiated at /Users/avajones/Documents/ava_skidl/20240421_schematic/Hades_Hades/HadesMicro_skidl.py:337.
WARNING: Random tag WbRYI_C73h generated for 100n.
WARNING: Missing tag on 220n instantiated at /Users/avajones/Documents/ava_skidl/20240421_schematic/Hades_Hades/HadesMicro_skidl.py:344.
WARNING: Random tag bUkqC56YS_ generated for 220n.
WARNING: Missing tag on 100n instantiated at /Users/avajones/Documents/ava_skidl/20240421_schematic/Hades_Hades/HadesMicro_skidl.py:351.
WARNING: Random tag bkOc4yBMEg generated for 100n.
WARNING: Missing tag on 100n instantiated at /Users/avajones/Documents/ava_skidl/20240421_schematic/Hades_Hades/HadesMicro_skidl.py:358.
WARNING: Random tag PkwThiIK4O generated for 100n.
WARNING: Missing tag on 10u instantiated at /Users/avajones/Documents/ava_skidl/20240421_schematic/Hades_Hades/HadesMicro_skidl.py:365.
WARNING: Random tag Cec6aZkU2G generated for 10u.
WARNING: Missing tag on 100n instantiated at /Users/avajones/Documents/ava_skidl/20240421_schematic/Hades_Hades/HadesMicro_skidl.py:372.
WARNING: Random tag uYj4ncrHq2 generated for 100n.
WARNING: Missing tag on 100n instantiated at /Users/avajones/Documents/ava_skidl/20240421_schematic/Hades_Hades/HadesMicro_skidl.py:379.
WARNING: Random tag ZJnu_qmNnL generated for 100n.
WARNING: Missing tag on 100n instantiated at /Users/avajones/Documents/ava_skidl/20240421_schematic/Hades_Hades/HadesMicro_skidl.py:386.
WARNING: Random tag n_5oD50Fm2 generated for 100n.
WARNING: Missing tag on 100n instantiated at /Users/avajones/Documents/ava_skidl/20240421_schematic/Hades_Hades/HadesMicro_skidl.py:393.
WARNING: Random tag J6EuSWRqeO generated for 100n.
WARNING: Missing tag on 100n instantiated at /Users/avajones/Documents/ava_skidl/20240421_schematic/Hades_Hades/HadesMicro_skidl.py:400.
WARNING: Random tag 0UMhQr2z7a generated for 100n.
WARNING: Missing tag on 100n instantiated at /Users/avajones/Documents/ava_skidl/20240421_schematic/Hades_Hades/HadesMicro_skidl.py:407.
WARNING: Random tag DbG9cHFrro generated for 100n.
WARNING: Missing tag on 100n instantiated at /Users/avajones/Documents/ava_skidl/20240421_schematic/Hades_Hades/HadesMicro_skidl.py:414.
WARNING: Random tag 5q3uHdJSDF generated for 100n.
WARNING: Missing tag on 100n instantiated at /Users/avajones/Documents/ava_skidl/20240421_schematic/Hades_Hades/HadesMicro_skidl.py:421.
WARNING: Random tag xM8Z8OfUCg generated for 100n.
WARNING: Missing tag on 100n instantiated at /Users/avajones/Documents/ava_skidl/20240421_schematic/Hades_Hades/HadesMicro_skidl.py:428.
WARNING: Random tag jvdc8SEguY generated for 100n.
WARNING: Missing tag on GR instantiated at /Users/avajones/Documents/ava_skidl/20240421_schematic/Hades_Hades/HadesMicro_skidl.py:435.
WARNING: Random tag jBc9XCculR generated for GR.
WARNING: Missing tag on RE instantiated at /Users/avajones/Documents/ava_skidl/20240421_schematic/Hades_Hades/HadesMicro_skidl.py:442.
WARNING: Random tag oNl8BdmKEX generated for RE.
WARNING: Missing tag on BL instantiated at /Users/avajones/Documents/ava_skidl/20240421_schematic/Hades_Hades/HadesMicro_skidl.py:449.
WARNING: Random tag yQ1wVqcb4p generated for BL.
WARNING: Missing tag on BL instantiated at /Users/avajones/Documents/ava_skidl/20240421_schematic/Hades_Hades/HadesMicro_skidl.py:456.
WARNING: Random tag GeX6ANPwjL generated for BL.
WARNING: Missing tag on D_Schottky instantiated at /Users/avajones/Documents/ava_skidl/20240421_schematic/Hades_Hades/HadesMicro_skidl.py:463.
WARNING: Random tag Ja8RxOKIBA generated for D_Schottky.
WARNING: Missing tag on D_Schottky instantiated at /Users/avajones/Documents/ava_skidl/20240421_schematic/Hades_Hades/HadesMicro_skidl.py:470.
WARNING: Random tag 7o_ZHYfJVs generated for D_Schottky.
WARNING: Missing tag on 24CW1280T-I_OT instantiated at /Users/avajones/Documents/ava_skidl/20240421_schematic/Hades_Hades/HadesMicro_skidl.py:477.
WARNING: Random tag LvvjmnoLGq generated for 24CW1280T-I_OT.
WARNING: Missing tag on Fuse instantiated at /Users/avajones/Documents/ava_skidl/20240421_schematic/Hades_Hades/HadesMicro_skidl.py:484.
WARNING: Random tag bjVSA4LlzJ generated for Fuse.
WARNING: Missing tag on FB_Small instantiated at /Users/avajones/Documents/ava_skidl/20240421_schematic/Hades_Hades/HadesMicro_skidl.py:491.
WARNING: Random tag _QT2C15nLO generated for FB_Small.
WARNING: Missing tag on FB_Small instantiated at /Users/avajones/Documents/ava_skidl/20240421_schematic/Hades_Hades/HadesMicro_skidl.py:498.
WARNING: Random tag fdd_XKfBye generated for FB_Small.
WARNING: Missing tag on W25N01GVZEIG_TR instantiated at /Users/avajones/Documents/ava_skidl/20240421_schematic/Hades_Hades/HadesMicro_skidl.py:505.
WARNING: Random tag Jyv7wdJ25_ generated for W25N01GVZEIG_TR.
WARNING: Missing tag on Conn_01x04 instantiated at /Users/avajones/Documents/ava_skidl/20240421_schematic/Hades_Hades/HadesMicro_skidl.py:512.
WARNING: Random tag rZFgkPYOFw generated for Conn_01x04.
WARNING: Missing tag on 25MHz instantiated at /Users/avajones/Documents/ava_skidl/20240421_schematic/Hades_Hades/HadesMicro_skidl.py:519.
WARNING: Random tag y7F5EhaHgQ generated for 25MHz.
WARNING: Missing tag on Conn_01x04 instantiated at /Users/avajones/Documents/ava_skidl/20240421_schematic/Hades_Hades/HadesMicro_skidl.py:526.
WARNING: Random tag c8W6v32e1c generated for Conn_01x04.
WARNING: Missing tag on 74LVC1G04GX4Z instantiated at /Users/avajones/Documents/ava_skidl/20240421_schematic/Hades_Hades/HadesMicro_skidl.py:533.
WARNING: Random tag MmFsNF2GtX generated for 74LVC1G04GX4Z.
WARNING: Missing tag on BMI088 instantiated at /Users/avajones/Documents/ava_skidl/20240421_schematic/Hades_Hades/HadesMicro_skidl.py:540.
WARNING: Random tag ALBmf_3ord generated for BMI088.
WARNING: Missing tag on Jumper_NO_Small instantiated at /Users/avajones/Documents/ava_skidl/20240421_schematic/Hades_Hades/HadesMicro_skidl.py:547.
WARNING: Random tag 29dMT2_7Ja generated for Jumper_NO_Small.
WARNING: Missing tag on IIS2MDCTR instantiated at /Users/avajones/Documents/ava_skidl/20240421_schematic/Hades_Hades/HadesMicro_skidl.py:554.
WARNING: Random tag XStNliLKLP generated for IIS2MDCTR.
WARNING: Missing tag on STM32F405RGT6 instantiated at /Users/avajones/Documents/ava_skidl/20240421_schematic/Hades_Hades/HadesMicro_skidl.py:561.
WARNING: Random tag 0_TD3YSwfs generated for STM32F405RGT6.
WARNING: Missing tag on PCA9685BS instantiated at /Users/avajones/Documents/ava_skidl/20240421_schematic/Hades_Hades/HadesMicro_skidl.py:568.
WARNING: Random tag DqoEAWOr7c generated for PCA9685BS.
WARNING: Missing tag on Conn_02x08_Odd_Even instantiated at /Users/avajones/Documents/ava_skidl/20240421_schematic/Hades_Hades/HadesMicro_skidl.py:575.
WARNING: Random tag kmas8Ptbbu generated for Conn_02x08_Odd_Even.
WARNING: Missing tag on Conn_01x08 instantiated at /Users/avajones/Documents/ava_skidl/20240421_schematic/Hades_Hades/HadesMicro_skidl.py:582.
WARNING: Random tag TzvBJMHEUQ generated for Conn_01x08.
WARNING: Missing tag on GR instantiated at /Users/avajones/Documents/ava_skidl/20240421_schematic/Hades_Hades/HadesMicro_skidl.py:589.
WARNING: Random tag NOAcOt_brd generated for GR.
WARNING: Missing tag on 2k2 instantiated at /Users/avajones/Documents/ava_skidl/20240421_schematic/Hades_Hades/HadesMicro_skidl.py:596.
WARNING: Random tag afPSOMATz6 generated for 2k2.
WARNING: Missing tag on 2k2 instantiated at /Users/avajones/Documents/ava_skidl/20240421_schematic/Hades_Hades/HadesMicro_skidl.py:603.
WARNING: Random tag Le6iEPmtht generated for 2k2.
WARNING: Missing tag on 2k2 instantiated at /Users/avajones/Documents/ava_skidl/20240421_schematic/Hades_Hades/HadesMicro_skidl.py:610.
WARNING: Random tag arRFHmU1v3 generated for 2k2.
WARNING: Missing tag on 2k2 instantiated at /Users/avajones/Documents/ava_skidl/20240421_schematic/Hades_Hades/HadesMicro_skidl.py:617.
WARNING: Random tag pfkmWtgtRO generated for 2k2.
WARNING: Missing tag on 2k2 instantiated at /Users/avajones/Documents/ava_skidl/20240421_schematic/Hades_Hades/HadesMicro_skidl.py:624.
WARNING: Random tag 4SpqnVsXdO generated for 2k2.
WARNING: Missing tag on 620 instantiated at /Users/avajones/Documents/ava_skidl/20240421_schematic/Hades_Hades/HadesMicro_skidl.py:631.
WARNING: Random tag kmKAqXZHzf generated for 620.
WARNING: Missing tag on 2k2 instantiated at /Users/avajones/Documents/ava_skidl/20240421_schematic/Hades_Hades/HadesMicro_skidl.py:638.
WARNING: Random tag jNtJfMyOIk generated for 2k2.
WARNING: Missing tag on 1k instantiated at /Users/avajones/Documents/ava_skidl/20240421_schematic/Hades_Hades/HadesMicro_skidl.py:645.
WARNING: Random tag 6nbyQwKJq7 generated for 1k.
WARNING: Missing tag on 1k instantiated at /Users/avajones/Documents/ava_skidl/20240421_schematic/Hades_Hades/HadesMicro_skidl.py:652.
WARNING: Random tag LWVXTP0jlY generated for 1k.
WARNING: Missing tag on 1k instantiated at /Users/avajones/Documents/ava_skidl/20240421_schematic/Hades_Hades/HadesMicro_skidl.py:659.
WARNING: Random tag CwAdzX_vtU generated for 1k.
WARNING: Missing tag on 22 instantiated at /Users/avajones/Documents/ava_skidl/20240421_schematic/Hades_Hades/HadesMicro_skidl.py:666.
WARNING: Random tag wgAIkQga67 generated for 22.
WARNING: Missing tag on 22 instantiated at /Users/avajones/Documents/ava_skidl/20240421_schematic/Hades_Hades/HadesMicro_skidl.py:673.
WARNING: Random tag 2QLyyHeQKI generated for 22.
WARNING: Missing tag on 10k instantiated at /Users/avajones/Documents/ava_skidl/20240421_schematic/Hades_Hades/HadesMicro_skidl.py:680.
WARNING: Random tag IIMf2VJlSE generated for 10k.
WARNING: Missing tag on 10k instantiated at /Users/avajones/Documents/ava_skidl/20240421_schematic/Hades_Hades/HadesMicro_skidl.py:687.
WARNING: Random tag taqYd_aPWu generated for 10k.
WARNING: Missing tag on 10k instantiated at /Users/avajones/Documents/ava_skidl/20240421_schematic/Hades_Hades/HadesMicro_skidl.py:694.
WARNING: Random tag AvmMuvshxs generated for 10k.
WARNING: Missing tag on 10k instantiated at /Users/avajones/Documents/ava_skidl/20240421_schematic/Hades_Hades/HadesMicro_skidl.py:701.
WARNING: Random tag x3gjnjwRFc generated for 10k.
WARNING: Missing tag on Conn_01x04 instantiated at /Users/avajones/Documents/ava_skidl/20240421_schematic/Hades_Hades/HadesMicro_skidl.py:708.
WARNING: Random tag w9Cfhp_eVX generated for Conn_01x04.
WARNING: Missing tag on LD39200PU33R instantiated at /Users/avajones/Documents/ava_skidl/20240421_schematic/Hades_Hades/HadesMicro_skidl.py:715.
WARNING: Random tag 7tPGFfoYOV generated for LD39200PU33R.
WARNING: Missing tag on SKRPANE010 instantiated at /Users/avajones/Documents/ava_skidl/20240421_schematic/Hades_Hades/HadesMicro_skidl.py:722.
WARNING: Random tag bdjchN305u generated for SKRPANE010.
WARNING: Missing tag on Conn_01x04 instantiated at /Users/avajones/Documents/ava_skidl/20240421_schematic/Hades_Hades/HadesMicro_skidl.py:729.
WARNING: Random tag GQvVJAh3pP generated for Conn_01x04.
WARNING: Missing tag on TrmnlBlck instantiated at /Users/avajones/Documents/ava_skidl/20240421_schematic/Hades_Hades/HadesMicro_skidl.py:736.
WARNING: Random tag CLUFUVpBw2 generated for TrmnlBlck.
WARNING: Missing tag on Conn_02x05_Counter_Clockwise instantiated at /Users/avajones/Documents/ava_skidl/20240421_schematic/Hades_Hades/HadesMicro_skidl.py:743.
WARNING: Random tag jwrZzefFgH generated for Conn_02x05_Counter_Clockwise.
WARNING: Missing tag on Conn_01x04 instantiated at /Users/avajones/Documents/ava_skidl/20240421_schematic/Hades_Hades/HadesMicro_skidl.py:750.
WARNING: Random tag g4_rg4dmva generated for Conn_01x04.
WARNING: Missing tag on USBLC6-2SC6 instantiated at /Users/avajones/Documents/ava_skidl/20240421_schematic/Hades_Hades/HadesMicro_skidl.py:757.
WARNING: Random tag vJC1jdhm1x generated for USBLC6-2SC6.
WARNING: Missing tag on otter:CH330 instantiated at /Users/avajones/Documents/ava_skidl/20240421_schematic/Hades_Hades/HadesMicro_skidl.py:764.
WARNING: Random tag XkJnI1LsMj generated for otter:CH330.
WARNING: Missing tag on USB_B_Micro instantiated at /Users/avajones/Documents/ava_skidl/20240421_schematic/Hades_Hades/HadesMicro_skidl.py:771.
WARNING: Random tag niBYgeKX7l generated for USB_B_Micro.
WARNING: Missing tag on Conn_01x02 instantiated at /Users/avajones/Documents/ava_skidl/20240421_schematic/Hades_Hades/HadesMicro_skidl.py:778.
WARNING: Random tag ppaOuXYi4N generated for Conn_01x02.
WARNING: Missing tag on  instantiated at /Users/avajones/Documents/ava_skidl/20240421_schematic/Hades_Hades/<frozen importlib._bootstrap>:491.
INFO: 179 warnings found while generating netlist.
INFO: 0 errors found while generating netlist.

